[debug] [2017-12-05T19:02:45.969Z] ----------------------------------------------------------------------
[debug] [2017-12-05T19:02:45.971Z] Command:       /usr/local/Cellar/node/8.9.1/bin/node /usr/local/bin/firebase deploy
[debug] [2017-12-05T19:02:45.972Z] CLI Version:   3.13.1
[debug] [2017-12-05T19:02:45.972Z] Platform:      darwin
[debug] [2017-12-05T19:02:45.972Z] Node Version:  v8.9.1
[debug] [2017-12-05T19:02:45.972Z] Time:          Wed Dec 06 2017 00:32:45 GMT+0530 (IST)
[debug] [2017-12-05T19:02:45.972Z] ----------------------------------------------------------------------
[debug] 
[debug] [2017-12-05T19:02:45.991Z] > command requires scopes: ["email","openid","https://www.googleapis.com/auth/cloudplatformprojects.readonly","https://www.googleapis.com/auth/firebase","https://www.googleapis.com/auth/cloud-platform"]
[debug] [2017-12-05T19:02:45.992Z] > authorizing via signed-in user
[debug] [2017-12-05T19:02:45.993Z] > refreshing access token with scopes: ["email","https://www.googleapis.com/auth/cloud-platform","https://www.googleapis.com/auth/cloudplatformprojects.readonly","https://www.googleapis.com/auth/firebase","openid"]
[debug] [2017-12-05T19:02:45.994Z] >>> HTTP REQUEST POST https://www.googleapis.com/oauth2/v3/token { refresh_token: '1/Zg6vgxX2HWGs2xPSbi8bkHmFaqSaUpdVyPbM8CV14Ck',
  client_id: '563584335869-fgrhgmd47bqnekij5i8b5pr03ho849e6.apps.googleusercontent.com',
  client_secret: 'j9iVZfS8kkCEFUPaAeJV0sAi',
  grant_type: 'refresh_token',
  scope: 'email https://www.googleapis.com/auth/cloud-platform https://www.googleapis.com/auth/cloudplatformprojects.readonly https://www.googleapis.com/auth/firebase openid' } 
 Wed Dec 06 2017 00:32:45 GMT+0530 (IST)
[debug] [2017-12-05T19:02:46.460Z] <<< HTTP RESPONSE 200
[debug] [2017-12-05T19:02:46.477Z] >>> HTTP REQUEST GET https://admin.firebase.com/v1/projects/classporch-de  
 Wed Dec 06 2017 00:32:46 GMT+0530 (IST)
[debug] [2017-12-05T19:02:48.663Z] <<< HTTP RESPONSE 200
[debug] [2017-12-05T19:02:48.664Z] >>> HTTP REQUEST GET https://admin.firebase.com/v1/database/classporch-de/tokens  
 Wed Dec 06 2017 00:32:48 GMT+0530 (IST)
